La génération a démarré 15/12/2011 17:18:59.
     1>Projet "C:\Users\Fred\Documents\Visual Studio 2010\Projects\LaunchPlayMIDIEffect\VC2010\LaunchPlayVirtualCable\LaunchPlayVirtualCable.vcxproj" sur le nœud 2 (build cible(s)).
     1>InitializeBuildStatus:
         Création de "Release\LaunchPlayVirtualCable.unsuccessfulbuild", car "AlwaysCreate" a été spécifié.
       ClCompile:
         C:\Program Files (x86)\Microsoft Visual Studio 10.0\VC\bin\CL.exe /c /Zi /nologo /W3 /WX- /O2 /Oi /Ot /Oy- /GL /D _MBCS /D _WINDLL /D WIN32 /D _WINDLL /D _MBCS /Gm- /EHsc /MD /GS /Gy /fp:precise /Zc:wchar_t /Zc:forScope /Fo"Release\\" /Fd"Release\vc100.pdb" /Gd /TP /analyze- /errorReport:prompt ..\..\Sources\LaunchPlayVirtualCable.cpp
         LaunchPlayVirtualCable.cpp
     1>C:\Users\Fred\Documents\Visual Studio 2010\UserLibraries\boost_1_48_0\boost/archive/basic_binary_iprimitive.hpp(181): warning C4244: 'argument' : conversion de 'std::streamsize' en 'size_t', perte possible de données
                 C:\Users\Fred\Documents\Visual Studio 2010\UserLibraries\boost_1_48_0\boost/archive/basic_binary_iprimitive.hpp(152) : lors de la compilation de la fonction membre 'void boost::archive::basic_binary_iprimitive<Archive,Elem,Tr>::load_binary(void *,size_t)' de la classe modèle
                 with
                 [
                     Archive=boost::archive::naked_binary_iarchive,
                     Elem=char,
                     Tr=std::char_traits<char>
                 ]
                 C:\Users\Fred\Documents\Visual Studio 2010\UserLibraries\boost_1_48_0\boost/archive/detail/iserializer.hpp(362) : voir la référence à l'instanciation de la fonction modèle 'void boost::archive::load_access::load_primitive<Archive,T>(Archive &,T &)' en cours de compilation
                 with
                 [
                     Archive=boost::archive::naked_binary_iarchive,
                     T=boost::archive::object_id_type
                 ]
                 C:\Users\Fred\Documents\Visual Studio 2010\UserLibraries\boost_1_48_0\boost/archive/detail/iserializer.hpp(439) : voir la référence à l'instanciation de la fonction modèle 'void boost::archive::detail::load_non_pointer_type<Archive>::load_primitive::invoke<T>(Archive &,T &)' en cours de compilation
                 with
                 [
                     Archive=boost::archive::naked_binary_iarchive,
                     T=boost::archive::object_id_type
                 ]
                 C:\Users\Fred\Documents\Visual Studio 2010\UserLibraries\boost_1_48_0\boost/archive/detail/iserializer.hpp(592) : voir la référence à l'instanciation de la fonction modèle 'void boost::archive::detail::load_non_pointer_type<Archive>::invoke<T>(Archive &,T &)' en cours de compilation
                 with
                 [
                     Archive=boost::archive::naked_binary_iarchive,
                     T=boost::archive::object_id_type
                 ]
                 C:\Users\Fred\Documents\Visual Studio 2010\UserLibraries\boost_1_48_0\boost/archive/detail/common_iarchive.hpp(66) : voir la référence à l'instanciation de la fonction modèle 'void boost::archive::load<Archive,T>(Archive &,T &)' en cours de compilation
                 with
                 [
                     Archive=boost::archive::naked_binary_iarchive,
                     T=boost::archive::object_id_type
                 ]
                 C:\Users\Fred\Documents\Visual Studio 2010\UserLibraries\boost_1_48_0\boost/archive/basic_binary_iarchive.hpp(70) : voir la référence à l'instanciation de la fonction modèle 'void boost::archive::detail::common_iarchive<Archive>::load_override<T>(T &,int)' en cours de compilation
                 with
                 [
                     Archive=boost::archive::naked_binary_iarchive,
                     T=boost::archive::object_id_type
                 ]
                 C:\Users\Fred\Documents\Visual Studio 2010\UserLibraries\boost_1_48_0\boost/archive/binary_iarchive_impl.hpp(50) : voir la référence à l'instanciation de la fonction modèle 'void boost::archive::basic_binary_iarchive<Archive>::load_override<T>(T &,int)' en cours de compilation
                 with
                 [
                     Archive=boost::archive::naked_binary_iarchive,
                     T=boost::archive::object_id_type
                 ]
                 C:\Users\Fred\Documents\Visual Studio 2010\UserLibraries\boost_1_48_0\boost/archive/detail/interface_iarchive.hpp(60) : voir la référence à l'instanciation de la fonction modèle 'void boost::archive::binary_iarchive_impl<Archive,Elem,Tr>::load_override<T>(T &,int)' en cours de compilation
                 with
                 [
                     Archive=boost::archive::naked_binary_iarchive,
                     Elem=char,
                     Tr=std::char_traits<char>,
                     T=boost::archive::object_id_type
                 ]
                 C:\Users\Fred\Documents\Visual Studio 2010\UserLibraries\boost_1_48_0\boost/archive/detail/common_iarchive.hpp(48) : voir la référence à l'instanciation de la fonction modèle 'Archive &boost::archive::detail::interface_iarchive<Archive>::operator >><boost::archive::object_id_type>(T &)' en cours de compilation
                 with
                 [
                     Archive=boost::archive::naked_binary_iarchive,
                     T=boost::archive::object_id_type
                 ]
                 C:\Users\Fred\Documents\Visual Studio 2010\UserLibraries\boost_1_48_0\boost/archive/detail/common_iarchive.hpp(47) : lors de la compilation de la fonction membre 'void boost::archive::detail::common_iarchive<Archive>::vload(boost::archive::object_id_type &)' de la classe modèle
                 with
                 [
                     Archive=boost::archive::naked_binary_iarchive
                 ]
                 C:\Users\Fred\Documents\Visual Studio 2010\UserLibraries\boost_1_48_0\boost/archive/basic_binary_iarchive.hpp(52) : voir la référence à l'instanciation de la classe modèle 'boost::archive::detail::common_iarchive<Archive>' en cours de compilation
                 with
                 [
                     Archive=boost::archive::naked_binary_iarchive
                 ]
                 C:\Users\Fred\Documents\Visual Studio 2010\UserLibraries\boost_1_48_0\boost/archive/binary_iarchive_impl.hpp(36) : voir la référence à l'instanciation de la classe modèle 'boost::archive::basic_binary_iarchive<Archive>' en cours de compilation
                 with
                 [
                     Archive=boost::archive::naked_binary_iarchive
                 ]
                 C:\Users\Fred\Documents\Visual Studio 2010\UserLibraries\boost_1_48_0\boost/archive/binary_iarchive.hpp(42) : voir la référence à l'instanciation de la classe modèle 'boost::archive::binary_iarchive_impl<Archive,Elem,Tr>' en cours de compilation
                 with
                 [
                     Archive=boost::archive::naked_binary_iarchive,
                     Elem=char,
                     Tr=std::char_traits<char>
                 ]
     1>C:\Users\Fred\Documents\Visual Studio 2010\UserLibraries\boost_1_48_0\boost/archive/basic_binary_iprimitive.hpp(181): warning C4244: 'argument' : conversion de 'std::streamsize' en 'size_t', perte possible de données
                 C:\Users\Fred\Documents\Visual Studio 2010\UserLibraries\boost_1_48_0\boost/archive/basic_binary_iprimitive.hpp(152) : lors de la compilation de la fonction membre 'void boost::archive::basic_binary_iprimitive<Archive,Elem,Tr>::load_binary(void *,size_t)' de la classe modèle
                 with
                 [
                     Archive=boost::archive::binary_iarchive,
                     Elem=char,
                     Tr=std::char_traits<char>
                 ]
                 C:\Users\Fred\Documents\Visual Studio 2010\UserLibraries\boost_1_48_0\boost/archive/detail/iserializer.hpp(362) : voir la référence à l'instanciation de la fonction modèle 'void boost::archive::load_access::load_primitive<Archive,T>(Archive &,T &)' en cours de compilation
                 with
                 [
                     Archive=boost::archive::binary_iarchive,
                     T=boost::archive::object_id_type
                 ]
                 C:\Users\Fred\Documents\Visual Studio 2010\UserLibraries\boost_1_48_0\boost/archive/detail/iserializer.hpp(439) : voir la référence à l'instanciation de la fonction modèle 'void boost::archive::detail::load_non_pointer_type<Archive>::load_primitive::invoke<T>(Archive &,T &)' en cours de compilation
                 with
                 [
                     Archive=boost::archive::binary_iarchive,
                     T=boost::archive::object_id_type
                 ]
                 C:\Users\Fred\Documents\Visual Studio 2010\UserLibraries\boost_1_48_0\boost/archive/detail/iserializer.hpp(592) : voir la référence à l'instanciation de la fonction modèle 'void boost::archive::detail::load_non_pointer_type<Archive>::invoke<T>(Archive &,T &)' en cours de compilation
                 with
                 [
                     Archive=boost::archive::binary_iarchive,
                     T=boost::archive::object_id_type
                 ]
                 C:\Users\Fred\Documents\Visual Studio 2010\UserLibraries\boost_1_48_0\boost/archive/detail/common_iarchive.hpp(66) : voir la référence à l'instanciation de la fonction modèle 'void boost::archive::load<Archive,T>(Archive &,T &)' en cours de compilation
                 with
                 [
                     Archive=boost::archive::binary_iarchive,
                     T=boost::archive::object_id_type
                 ]
                 C:\Users\Fred\Documents\Visual Studio 2010\UserLibraries\boost_1_48_0\boost/archive/basic_binary_iarchive.hpp(70) : voir la référence à l'instanciation de la fonction modèle 'void boost::archive::detail::common_iarchive<Archive>::load_override<T>(T &,int)' en cours de compilation
                 with
                 [
                     Archive=boost::archive::binary_iarchive,
                     T=boost::archive::object_id_type
                 ]
                 C:\Users\Fred\Documents\Visual Studio 2010\UserLibraries\boost_1_48_0\boost/archive/binary_iarchive_impl.hpp(50) : voir la référence à l'instanciation de la fonction modèle 'void boost::archive::basic_binary_iarchive<Archive>::load_override<T>(T &,int)' en cours de compilation
                 with
                 [
                     Archive=boost::archive::binary_iarchive,
                     T=boost::archive::object_id_type
                 ]
                 C:\Users\Fred\Documents\Visual Studio 2010\UserLibraries\boost_1_48_0\boost/archive/detail/interface_iarchive.hpp(60) : voir la référence à l'instanciation de la fonction modèle 'void boost::archive::binary_iarchive_impl<Archive,Elem,Tr>::load_override<T>(T &,int)' en cours de compilation
                 with
                 [
                     Archive=boost::archive::binary_iarchive,
                     Elem=char,
                     Tr=std::char_traits<char>,
                     T=boost::archive::object_id_type
                 ]
                 C:\Users\Fred\Documents\Visual Studio 2010\UserLibraries\boost_1_48_0\boost/archive/detail/common_iarchive.hpp(48) : voir la référence à l'instanciation de la fonction modèle 'Archive &boost::archive::detail::interface_iarchive<Archive>::operator >><boost::archive::object_id_type>(T &)' en cours de compilation
                 with
                 [
                     Archive=boost::archive::binary_iarchive,
                     T=boost::archive::object_id_type
                 ]
                 C:\Users\Fred\Documents\Visual Studio 2010\UserLibraries\boost_1_48_0\boost/archive/detail/common_iarchive.hpp(47) : lors de la compilation de la fonction membre 'void boost::archive::detail::common_iarchive<Archive>::vload(boost::archive::object_id_type &)' de la classe modèle
                 with
                 [
                     Archive=boost::archive::binary_iarchive
                 ]
                 C:\Users\Fred\Documents\Visual Studio 2010\UserLibraries\boost_1_48_0\boost/archive/basic_binary_iarchive.hpp(52) : voir la référence à l'instanciation de la classe modèle 'boost::archive::detail::common_iarchive<Archive>' en cours de compilation
                 with
                 [
                     Archive=boost::archive::binary_iarchive
                 ]
                 C:\Users\Fred\Documents\Visual Studio 2010\UserLibraries\boost_1_48_0\boost/archive/binary_iarchive_impl.hpp(36) : voir la référence à l'instanciation de la classe modèle 'boost::archive::basic_binary_iarchive<Archive>' en cours de compilation
                 with
                 [
                     Archive=boost::archive::binary_iarchive
                 ]
                 C:\Users\Fred\Documents\Visual Studio 2010\UserLibraries\boost_1_48_0\boost/archive/binary_iarchive.hpp(76) : voir la référence à l'instanciation de la classe modèle 'boost::archive::binary_iarchive_impl<Archive,Elem,Tr>' en cours de compilation
                 with
                 [
                     Archive=boost::archive::binary_iarchive,
                     Elem=char,
                     Tr=std::char_traits<char>
                 ]
       Link:
         C:\Program Files (x86)\Microsoft Visual Studio 10.0\VC\bin\link.exe /ERRORREPORT:PROMPT /OUT:"C:\Users\Fred\Documents\Visual Studio 2010\Projects\LaunchPlayMIDIEffect\Release\LaunchPlayVirtualCable.dll" /NOLOGO kernel32.lib user32.lib gdi32.lib winspool.lib comdlg32.lib advapi32.lib shell32.lib ole32.lib oleaut32.lib uuid.lib odbc32.lib odbccp32.lib /DEF:"C:\Users\Fred\Documents\Visual Studio 2010\Projects\LaunchPlayMIDIEffect\\Resources\LaunchPlay-VCExport.def" /MANIFEST /ManifestFile:"Release\LaunchPlayVirtualCable.dll.intermediate.manifest" /MANIFESTUAC:"level='asInvoker' uiAccess='false'" /DEBUG /PDB:"C:\Users\Fred\Documents\Visual Studio 2010\Projects\LaunchPlayMIDIEffect\Release\LaunchPlayVirtualCable.pdb" /OPT:REF /OPT:ICF /LTCG /TLBID:1 /DYNAMICBASE /NXCOMPAT /IMPLIB:"C:\Users\Fred\Documents\Visual Studio 2010\Projects\LaunchPlayMIDIEffect\Release\LaunchPlayVirtualCable.lib" /MACHINE:X86 /DLL Release\audioeffect.obj
         Release\audioeffectx.obj
         Release\vstplugmain.obj
         Release\LaunchPlay.obj
         Release\LaunchPlayVirtualCable.obj
         Release\MIDIHelpers.obj
            Création de la bibliothèque C:\Users\Fred\Documents\Visual Studio 2010\Projects\LaunchPlayMIDIEffect\Release\LaunchPlayVirtualCable.lib et de l'objet C:\Users\Fred\Documents\Visual Studio 2010\Projects\LaunchPlayMIDIEffect\Release\LaunchPlayVirtualCable.exp
         Génération de code en cours
         Fin de la génération du code
         LaunchPlayVirtualCable.vcxproj -> C:\Users\Fred\Documents\Visual Studio 2010\Projects\LaunchPlayMIDIEffect\Release\LaunchPlayVirtualCable.dll
       Manifest:
         C:\Program Files (x86)\Microsoft SDKs\Windows\v7.0A\bin\mt.exe /nologo /verbose /outputresource:"C:\Users\Fred\Documents\Visual Studio 2010\Projects\LaunchPlayMIDIEffect\Release\LaunchPlayVirtualCable.dll;#2" /manifest Release\LaunchPlayVirtualCable.dll.intermediate.manifest
       PostBuildEvent:
         Description: Copying LaunchPlayVirtualCable.dll to VST folder....
         copy "C:\Users\Fred\Documents\Visual Studio 2010\Projects\LaunchPlayMIDIEffect\Release\LaunchPlayVirtualCable.dll" "C:\Program Files (x86)\Steinberg\VstPlugins"
         :VCEnd
                 1 fichier(s) copié(s).
       FinalizeBuildStatus:
         Suppression du fichier "Release\LaunchPlayVirtualCable.unsuccessfulbuild".
         Mise à jour de l'horodatage "Release\LaunchPlayVirtualCable.lastbuildstate".
     1>Génération du projet "C:\Users\Fred\Documents\Visual Studio 2010\Projects\LaunchPlayMIDIEffect\VC2010\LaunchPlayVirtualCable\LaunchPlayVirtualCable.vcxproj" terminée (build cible(s)).

La génération a réussi.

Temps écoulé 00:00:02.98
