La génération a démarré 15/12/2011 18:59:16.
     1>Projet "C:\Users\Fred\Documents\Visual Studio 2010\Projects\LaunchPlayMIDIEffect\VC2010\LaunchPlayVirtualCable\LaunchPlayVirtualCable.vcxproj" sur le nœud 3 (build cible(s)).
     1>InitializeBuildStatus:
         Mise à jour de l'horodatage "Debug\LaunchPlayVirtualCable.unsuccessfulbuild".
       ClCompile:
         Toutes les sorties sont à jour.
       Link:
         Toutes les sorties sont à jour.
         LaunchPlayVirtualCable.vcxproj -> C:\Users\Fred\Documents\Visual Studio 2010\Projects\LaunchPlayMIDIEffect\Debug\LaunchPlayVirtualCable.dll
       PostBuildEvent:
         Description: Copying LaunchPlayVirtualCable.dll to VST folder....
         copy "C:\Users\Fred\Documents\Visual Studio 2010\Projects\LaunchPlayMIDIEffect\Debug\LaunchPlayVirtualCable.dll" "C:\Program Files (x86)\Steinberg\VstPlugins"
         :VCEnd
                 1 fichier(s) copié(s).
       FinalizeBuildStatus:
         Suppression du fichier "Debug\LaunchPlayVirtualCable.unsuccessfulbuild".
         Mise à jour de l'horodatage "Debug\LaunchPlayVirtualCable.lastbuildstate".
     1>Génération du projet "C:\Users\Fred\Documents\Visual Studio 2010\Projects\LaunchPlayMIDIEffect\VC2010\LaunchPlayVirtualCable\LaunchPlayVirtualCable.vcxproj" terminée (build cible(s)).

La génération a réussi.

Temps écoulé 00:00:00.10
