C:\USERS\FRED\DOCUMENTS\VISUAL STUDIO 2010\PROJECTS\LAUNCHPLAYMIDIEFFECT\DEBUG\LAUNCHPLAYVIRTUALCABLE.DLL
C:\Users\Fred\Documents\Visual Studio 2010\Projects\LaunchPlayMIDIEffect\Debug\LaunchPlayVirtualCable.exp
C:\USERS\FRED\DOCUMENTS\VISUAL STUDIO 2010\PROJECTS\LAUNCHPLAYMIDIEFFECT\DEBUG\LAUNCHPLAYVIRTUALCABLE.ILK
C:\Users\Fred\Documents\Visual Studio 2010\Projects\LaunchPlayMIDIEffect\Debug\LaunchPlayVirtualCable.lib
C:\USERS\FRED\DOCUMENTS\VISUAL STUDIO 2010\PROJECTS\LAUNCHPLAYMIDIEFFECT\DEBUG\LAUNCHPLAYVIRTUALCABLE.PDB
C:\USERS\FRED\DOCUMENTS\VISUAL STUDIO 2010\PROJECTS\LAUNCHPLAYMIDIEFFECT\VC2010\LAUNCHPLAYVIRTUALCABLE\DEBUG\AUDIOEFFECT.OBJ
C:\USERS\FRED\DOCUMENTS\VISUAL STUDIO 2010\PROJECTS\LAUNCHPLAYMIDIEFFECT\VC2010\LAUNCHPLAYVIRTUALCABLE\DEBUG\AUDIOEFFECTX.OBJ
C:\Users\Fred\Documents\Visual Studio 2010\Projects\LaunchPlayMIDIEffect\VC2010\LaunchPlayVirtualCable\Debug\cl.command.1.tlog
C:\Users\Fred\Documents\Visual Studio 2010\Projects\LaunchPlayMIDIEffect\VC2010\LaunchPlayVirtualCable\Debug\CL.read.1.tlog
C:\Users\Fred\Documents\Visual Studio 2010\Projects\LaunchPlayMIDIEffect\VC2010\LaunchPlayVirtualCable\Debug\CL.write.1.tlog
C:\USERS\FRED\DOCUMENTS\VISUAL STUDIO 2010\PROJECTS\LAUNCHPLAYMIDIEFFECT\VC2010\LAUNCHPLAYVIRTUALCABLE\DEBUG\LAUNCHPLAY.OBJ
C:\USERS\FRED\DOCUMENTS\VISUAL STUDIO 2010\PROJECTS\LAUNCHPLAYMIDIEFFECT\VC2010\LAUNCHPLAYVIRTUALCABLE\DEBUG\LAUNCHPLAYVIRTUALCABLE.DLL.INTERMEDIATE.MANIFEST
C:\USERS\FRED\DOCUMENTS\VISUAL STUDIO 2010\PROJECTS\LAUNCHPLAYMIDIEFFECT\VC2010\LAUNCHPLAYVIRTUALCABLE\DEBUG\LAUNCHPLAYVIRTUALCABLE.OBJ
C:\Users\Fred\Documents\Visual Studio 2010\Projects\LaunchPlayMIDIEffect\VC2010\LaunchPlayVirtualCable\Debug\LaunchPlayVirtualCable.write.1.tlog
C:\Users\Fred\Documents\Visual Studio 2010\Projects\LaunchPlayMIDIEffect\VC2010\LaunchPlayVirtualCable\Debug\link.command.1.tlog
C:\Users\Fred\Documents\Visual Studio 2010\Projects\LaunchPlayMIDIEffect\VC2010\LaunchPlayVirtualCable\Debug\link.read.1.tlog
C:\Users\Fred\Documents\Visual Studio 2010\Projects\LaunchPlayMIDIEffect\VC2010\LaunchPlayVirtualCable\Debug\link.write.1.tlog
C:\USERS\FRED\DOCUMENTS\VISUAL STUDIO 2010\PROJECTS\LAUNCHPLAYMIDIEFFECT\VC2010\LAUNCHPLAYVIRTUALCABLE\DEBUG\MIDIHELPERS.OBJ
C:\Users\Fred\Documents\Visual Studio 2010\Projects\LaunchPlayMIDIEffect\VC2010\LaunchPlayVirtualCable\Debug\mt.command.1.tlog
C:\Users\Fred\Documents\Visual Studio 2010\Projects\LaunchPlayMIDIEffect\VC2010\LaunchPlayVirtualCable\Debug\mt.read.1.tlog
C:\Users\Fred\Documents\Visual Studio 2010\Projects\LaunchPlayMIDIEffect\VC2010\LaunchPlayVirtualCable\Debug\mt.write.1.tlog
C:\Users\Fred\Documents\Visual Studio 2010\Projects\LaunchPlayMIDIEffect\VC2010\LaunchPlayVirtualCable\Debug\vc100.idb
C:\USERS\FRED\DOCUMENTS\VISUAL STUDIO 2010\PROJECTS\LAUNCHPLAYMIDIEFFECT\VC2010\LAUNCHPLAYVIRTUALCABLE\DEBUG\VC100.PDB
C:\USERS\FRED\DOCUMENTS\VISUAL STUDIO 2010\PROJECTS\LAUNCHPLAYMIDIEFFECT\VC2010\LAUNCHPLAYVIRTUALCABLE\DEBUG\VSTPLUGMAIN.OBJ
